
Clover Installer r5118 (6529f815d) (installer library v1.1.5), 2020-05-31 11:06:41
macOS Version 10.15.4 (Build 19E287)
SELF = /Applications/Clover.app/Contents/MacOS/CloverDaemonNew
Backup made at:
/Users/geekzjk/Desktop/CloverBackUp/CT240BX300SSD1 Media/r5107_2020-05-31_11-06-33/EFI.
Target volume: /Volumes/EFI
BSD Name:      disk0s1
Filesystem:    FAT32
Is internal:   true
Is writable:   true
Installation type: UEFI

/dev/disk0 (internal, physical):
   #:                       TYPE NAME                    SIZE       IDENTIFIER
   0:      GUID_partition_scheme                        *240.1 GB   disk0
   1:                        EFI EFI                     1.1 GB     disk0s1
   2:                 Apple_APFS Container disk2         129.0 GB   disk0s2
   3:       Microsoft Basic Data Data                    99.3 GB    disk0s3
   4:       Microsoft Basic Data exChange                10.7 GB    disk0s4

/dev/disk1 (internal, physical):
   #:                       TYPE NAME                    SIZE       IDENTIFIER
   0:      GUID_partition_scheme                        *64.0 GB    disk1
   1:                        EFI                         104.9 MB   disk1s1
   2:       Microsoft Basic Data Windows                 63.9 GB    disk1s2

/dev/disk2 (synthesized):
   #:                       TYPE NAME                    SIZE       IDENTIFIER
   0:      APFS Container Scheme -                      +129.0 GB   disk2
                                 Physical Store disk0s2
   1:                APFS Volume Macintosh HD - Data     85.5 GB    disk2s1
   2:                APFS Volume Preboot                 82.0 MB    disk2s2
   3:                APFS Volume Recovery                528.1 MB   disk2s3
   4:                APFS Volume VM                      1.1 GB     disk2s4
   5:                APFS Volume Macintosh HD            11.3 GB    disk2s5




Installing/Updating Clover:
+ ../BOOT/BOOTX64.efi
+ ../CLOVER/CLOVERX64.efi

Installing/Updating drivers:
+ ../UEFI/AudioDxe.efi
+ ../UEFI/DataHubDxe.efi
+ ../UEFI/FSInject.efi
+ ../UEFI/SMCHelper.efi
+ ../UEFI/ApfsDriverLoader.efi
+ ../UEFI/VBoxHfs.efi
+ ../UEFI/CsmVideoDxe.efi
+ ../BIOS/AudioDxe.efi
+ ../BIOS/FSInject.efi
+ ../BIOS/SMCHelper.efi
+ ../BIOS/XhciDxe.efi
+ ../BIOS/ApfsDriverLoader.efi

Installing/Updating tools:
+ ../tools/Shell64.efi
+ ../tools/bdmesg.efi
+ ../tools/Shell64U.efi
+ ../tools/Shell32.efi

Installing/Updating docs:
+ ../doc/UEFI boot with Clover.rtf
+ ../doc/boot1f32-install.sh
+ ../doc/HowToInstallOSX.txt
+ ../doc/HowToFixDsdt.txt
+ ../doc/bcfg.txt